<?xml version="1.0" encoding="UTF-8"?>
<testng-results ignored="0" total="1" passed="1" failed="0" skipped="0">
  <reporter-output>
  </reporter-output>
  <suite started-at="2024-11-26T21:56:42 IST" name="Default suite" finished-at="2024-11-26T21:56:46 IST" duration-ms="4143">
    <groups>
    </groups>
    <test started-at="2024-11-26T21:56:42 IST" name="Default test" finished-at="2024-11-26T21:56:46 IST" duration-ms="4143">
      <class name="com.fitPeoProject.test.revenueCalculatorTest">
        <test-method is-config="true" signature="initialization()[pri:0, instance:com.fitPeoProject.test.revenueCalculatorTest@175c2241]" started-at="2024-11-26T21:56:33 IST" name="initialization" finished-at="2024-11-26T21:56:42 IST" duration-ms="8878" status="PASS">
          <reporter-output>
          </reporter-output>
        </test-method> <!-- initialization -->
        <test-method signature="RevenueCalculatorTest()[pri:0, instance:com.fitPeoProject.test.revenueCalculatorTest@175c2241]" started-at="2024-11-26T21:56:42 IST" name="RevenueCalculatorTest" finished-at="2024-11-26T21:56:46 IST" duration-ms="4106" status="PASS">
          <reporter-output>
          </reporter-output>
        </test-method> <!-- RevenueCalculatorTest -->
        <test-method is-config="true" signature="tearDown()[pri:0, instance:com.fitPeoProject.test.revenueCalculatorTest@175c2241]" started-at="2024-11-26T21:56:46 IST" name="tearDown" finished-at="2024-11-26T21:56:46 IST" duration-ms="305" status="PASS">
          <reporter-output>
          </reporter-output>
        </test-method> <!-- tearDown -->
      </class> <!-- com.fitPeoProject.test.revenueCalculatorTest -->
    </test> <!-- Default test -->
  </suite> <!-- Default suite -->
</testng-results>
